---------------------------------------------------------------
[ 2022-11-08T16:02:34+08:00 ] 127.0.0.1 GET dev.cw-be.com/api/demo/test1
[运行时间：0.140495s] [吞吐率：7.12req/s] [内存消耗：3,906.41kb] [文件加载：138]
[ info ] [ BEHAVIOR ] Run Closure @app_init [ RunTime:0.000120s ]
[ info ] [ CACHE ] INIT File
[ info ] [ BEHAVIOR ] Run Closure @app_init [ RunTime:0.005798s ]
[ info ] [ BEHAVIOR ] Run app\common\behavior\Common @app_init [ RunTime:0.001747s ]
[ info ] [ LANG ] D:\WWW\cw-BE\thinkphp\lang\zh-cn.php
[ info ] [ BEHAVIOR ] Run app\common\behavior\Common @app_dispatch [ RunTime:0.000034s ]
[ info ] [ ROUTE ] array (
  'type' => 'module',
  'module' => 
  array (
    0 => 'api',
    1 => 'demo',
    2 => 'test1',
  ),
)
[ info ] [ HEADER ] array (
  'connection' => 'close',
  'cookie' => 'uid=4; token=f75eb745-c06f-4adf-98e4-f0a9c240088b',
  'accept-language' => 'zh-CN,zh;q=0.9',
  'accept-encoding' => 'gzip, deflate',
  'accept' => 'text/html,application/xhtml+xml,application/xml;q=0.9,image/avif,image/webp,image/apng,*/*;q=0.8,application/signed-exchange;v=b3;q=0.9',
  'user-agent' => 'Mozilla/5.0 (Windows NT 10.0; Win64; x64) AppleWebKit/537.36 (KHTML, like Gecko) Chrome/100.0.4896.127 Safari/537.36',
  'upgrade-insecure-requests' => '1',
  'host' => 'dev.cw-be.com',
)
[ info ] [ PARAM ] array (
  '/api/demo/test1' => '',
)
[ info ] [ LANG ] D:\WWW\cw-BE\public/../application/api\lang\zh-cn.php
[ info ] [ BEHAVIOR ] Run app\common\behavior\Common @module_init [ RunTime:0.003029s ]
[ info ] [ TOKEN ] INIT Mysql
[ info ] [ DB ] INIT mysql
[ info ] [ RUN ] app\api\controller\Demo->test1[ D:\WWW\cw-BE\application\api\controller\Demo.php ]
[ info ] [ LOG ] INIT File
---------------------------------------------------------------
[ 2022-11-08T16:02:34+08:00 ] 127.0.0.1 GET dev.cw-be.com/favicon.ico
[运行时间：0.031105s] [吞吐率：32.15req/s] [内存消耗：2,218.35kb] [文件加载：119]
[ info ] [ BEHAVIOR ] Run Closure @app_init [ RunTime:0.000016s ]
[ info ] [ CACHE ] INIT File
[ info ] [ BEHAVIOR ] Run Closure @app_init [ RunTime:0.002800s ]
[ info ] [ BEHAVIOR ] Run app\common\behavior\Common @app_init [ RunTime:0.000669s ]
[ info ] [ LANG ] D:\WWW\cw-BE\thinkphp\lang\zh-cn.php
[ info ] [ BEHAVIOR ] Run app\common\behavior\Common @app_dispatch [ RunTime:0.000027s ]
[ info ] [ ROUTE ] array (
  'type' => 'module',
  'module' => 
  array (
    0 => 'favicon.ico',
    1 => NULL,
    2 => NULL,
  ),
)
[ info ] [ HEADER ] array (
  'connection' => 'close',
  'cookie' => 'uid=4; token=f75eb745-c06f-4adf-98e4-f0a9c240088b',
  'accept-language' => 'zh-CN,zh;q=0.9',
  'accept-encoding' => 'gzip, deflate',
  'referer' => 'http://dev.cw-be.com/api/demo/test1',
  'accept' => 'image/avif,image/webp,image/apng,image/svg+xml,image/*,*/*;q=0.8',
  'user-agent' => 'Mozilla/5.0 (Windows NT 10.0; Win64; x64) AppleWebKit/537.36 (KHTML, like Gecko) Chrome/100.0.4896.127 Safari/537.36',
  'host' => 'dev.cw-be.com',
)
[ info ] [ PARAM ] array (
  '/favicon_ico' => '',
)
[ info ] [ LOG ] INIT File
---------------------------------------------------------------
[ 2022-11-08T16:03:10+08:00 ] 127.0.0.1 GET dev.cw-be.com/api/demo/test1
[运行时间：0.051342s] [吞吐率：19.48req/s] [内存消耗：3,902.71kb] [文件加载：137]
[ info ] [ BEHAVIOR ] Run Closure @app_init [ RunTime:0.000018s ]
[ info ] [ CACHE ] INIT File
[ info ] [ BEHAVIOR ] Run Closure @app_init [ RunTime:0.001680s ]
[ info ] [ BEHAVIOR ] Run app\common\behavior\Common @app_init [ RunTime:0.000457s ]
[ info ] [ LANG ] D:\WWW\cw-BE\thinkphp\lang\zh-cn.php
[ info ] [ BEHAVIOR ] Run app\common\behavior\Common @app_dispatch [ RunTime:0.000019s ]
[ info ] [ ROUTE ] array (
  'type' => 'module',
  'module' => 
  array (
    0 => 'api',
    1 => 'demo',
    2 => 'test1',
  ),
)
[ info ] [ HEADER ] array (
  'connection' => 'close',
  'cookie' => 'uid=4; token=f75eb745-c06f-4adf-98e4-f0a9c240088b',
  'accept-language' => 'zh-CN,zh;q=0.9',
  'accept-encoding' => 'gzip, deflate',
  'accept' => 'text/html,application/xhtml+xml,application/xml;q=0.9,image/avif,image/webp,image/apng,*/*;q=0.8,application/signed-exchange;v=b3;q=0.9',
  'user-agent' => 'Mozilla/5.0 (Windows NT 10.0; Win64; x64) AppleWebKit/537.36 (KHTML, like Gecko) Chrome/100.0.4896.127 Safari/537.36',
  'upgrade-insecure-requests' => '1',
  'cache-control' => 'max-age=0',
  'host' => 'dev.cw-be.com',
)
[ info ] [ PARAM ] array (
  '/api/demo/test1' => '',
)
[ info ] [ LANG ] D:\WWW\cw-BE\public/../application/api\lang\zh-cn.php
[ info ] [ BEHAVIOR ] Run app\common\behavior\Common @module_init [ RunTime:0.000967s ]
[ info ] [ TOKEN ] INIT Mysql
[ info ] [ DB ] INIT mysql
[ info ] [ RUN ] app\api\controller\Demo->test1[ D:\WWW\cw-BE\application\api\controller\Demo.php ]
[ info ] [ LOG ] INIT File
