---------------------------------------------------------------
[ 2022-11-09T09:45:08+08:00 ] 127.0.0.1 GET dev.cw-be.com/api/demo/test1
[运行时间：0.063387s] [吞吐率：15.78req/s] [内存消耗：3,901.07kb] [文件加载：137]
[ info ] [ BEHAVIOR ] Run Closure @app_init [ RunTime:0.000120s ]
[ info ] [ CACHE ] INIT File
[ info ] [ BEHAVIOR ] Run Closure @app_init [ RunTime:0.002698s ]
[ info ] [ BEHAVIOR ] Run app\common\behavior\Common @app_init [ RunTime:0.000649s ]
[ info ] [ LANG ] D:\WWW\cw-BE\thinkphp\lang\zh-cn.php
[ info ] [ BEHAVIOR ] Run app\common\behavior\Common @app_dispatch [ RunTime:0.000019s ]
[ info ] [ ROUTE ] array (
  'type' => 'module',
  'module' => 
  array (
    0 => 'api',
    1 => 'demo',
    2 => 'test1',
  ),
)
[ info ] [ HEADER ] array (
  'connection' => 'close',
  'cookie' => 'uid=4; token=f75eb745-c06f-4adf-98e4-f0a9c240088b',
  'accept-language' => 'zh-CN,zh;q=0.9',
  'accept-encoding' => 'gzip, deflate',
  'accept' => 'text/html,application/xhtml+xml,application/xml;q=0.9,image/avif,image/webp,image/apng,*/*;q=0.8,application/signed-exchange;v=b3;q=0.9',
  'user-agent' => 'Mozilla/5.0 (Windows NT 10.0; Win64; x64) AppleWebKit/537.36 (KHTML, like Gecko) Chrome/100.0.4896.127 Safari/537.36',
  'upgrade-insecure-requests' => '1',
  'cache-control' => 'max-age=0',
  'host' => 'dev.cw-be.com',
)
[ info ] [ PARAM ] array (
  '/api/demo/test1' => '',
)
[ info ] [ LANG ] D:\WWW\cw-BE\public/../application/api\lang\zh-cn.php
[ info ] [ BEHAVIOR ] Run app\common\behavior\Common @module_init [ RunTime:0.001717s ]
[ info ] [ TOKEN ] INIT Mysql
[ info ] [ DB ] INIT mysql
[ info ] [ RUN ] app\api\controller\Demo->test1[ D:\WWW\cw-BE\application\api\controller\Demo.php ]
[ info ] [ LOG ] INIT File
---------------------------------------------------------------
[ 2022-11-09T09:45:08+08:00 ] 127.0.0.1 GET dev.cw-be.com/favicon.ico
[运行时间：0.035229s] [吞吐率：28.39req/s] [内存消耗：2,218.35kb] [文件加载：119]
[ info ] [ BEHAVIOR ] Run Closure @app_init [ RunTime:0.000022s ]
[ info ] [ CACHE ] INIT File
[ info ] [ BEHAVIOR ] Run Closure @app_init [ RunTime:0.003401s ]
[ info ] [ BEHAVIOR ] Run app\common\behavior\Common @app_init [ RunTime:0.001063s ]
[ info ] [ LANG ] D:\WWW\cw-BE\thinkphp\lang\zh-cn.php
[ info ] [ BEHAVIOR ] Run app\common\behavior\Common @app_dispatch [ RunTime:0.000029s ]
[ info ] [ ROUTE ] array (
  'type' => 'module',
  'module' => 
  array (
    0 => 'favicon.ico',
    1 => NULL,
    2 => NULL,
  ),
)
[ info ] [ HEADER ] array (
  'connection' => 'close',
  'cookie' => 'uid=4; token=f75eb745-c06f-4adf-98e4-f0a9c240088b',
  'accept-language' => 'zh-CN,zh;q=0.9',
  'accept-encoding' => 'gzip, deflate',
  'referer' => 'http://dev.cw-be.com/api/demo/test1',
  'accept' => 'image/avif,image/webp,image/apng,image/svg+xml,image/*,*/*;q=0.8',
  'user-agent' => 'Mozilla/5.0 (Windows NT 10.0; Win64; x64) AppleWebKit/537.36 (KHTML, like Gecko) Chrome/100.0.4896.127 Safari/537.36',
  'host' => 'dev.cw-be.com',
)
[ info ] [ PARAM ] array (
  '/favicon_ico' => '',
)
[ info ] [ LOG ] INIT File
---------------------------------------------------------------
[ 2022-11-09T09:59:11+08:00 ] 127.0.0.1 GET dev.cw-be.com/api/demo/test1
[运行时间：0.049508s] [吞吐率：20.20req/s] [内存消耗：3,902.71kb] [文件加载：137]
[ info ] [ BEHAVIOR ] Run Closure @app_init [ RunTime:0.000023s ]
[ info ] [ CACHE ] INIT File
[ info ] [ BEHAVIOR ] Run Closure @app_init [ RunTime:0.002196s ]
[ info ] [ BEHAVIOR ] Run app\common\behavior\Common @app_init [ RunTime:0.000592s ]
[ info ] [ LANG ] D:\WWW\cw-BE\thinkphp\lang\zh-cn.php
[ info ] [ BEHAVIOR ] Run app\common\behavior\Common @app_dispatch [ RunTime:0.000019s ]
[ info ] [ ROUTE ] array (
  'type' => 'module',
  'module' => 
  array (
    0 => 'api',
    1 => 'demo',
    2 => 'test1',
  ),
)
[ info ] [ HEADER ] array (
  'connection' => 'close',
  'cookie' => 'uid=4; token=f75eb745-c06f-4adf-98e4-f0a9c240088b',
  'accept-language' => 'zh-CN,zh;q=0.9',
  'accept-encoding' => 'gzip, deflate',
  'accept' => 'text/html,application/xhtml+xml,application/xml;q=0.9,image/avif,image/webp,image/apng,*/*;q=0.8,application/signed-exchange;v=b3;q=0.9',
  'user-agent' => 'Mozilla/5.0 (Windows NT 10.0; Win64; x64) AppleWebKit/537.36 (KHTML, like Gecko) Chrome/100.0.4896.127 Safari/537.36',
  'upgrade-insecure-requests' => '1',
  'cache-control' => 'max-age=0',
  'host' => 'dev.cw-be.com',
)
[ info ] [ PARAM ] array (
  '/api/demo/test1' => '',
)
[ info ] [ LANG ] D:\WWW\cw-BE\public/../application/api\lang\zh-cn.php
[ info ] [ BEHAVIOR ] Run app\common\behavior\Common @module_init [ RunTime:0.001037s ]
[ info ] [ TOKEN ] INIT Mysql
[ info ] [ DB ] INIT mysql
[ info ] [ RUN ] app\api\controller\Demo->test1[ D:\WWW\cw-BE\application\api\controller\Demo.php ]
[ info ] [ LOG ] INIT File
---------------------------------------------------------------
[ 2022-11-09T17:58:26+08:00 ] 127.0.0.1 GET dev.cw-be.com/api/demo/test1
[运行时间：0.088732s] [吞吐率：11.27req/s] [内存消耗：3,945.52kb] [文件加载：141]
[ info ] [ BEHAVIOR ] Run Closure @app_init [ RunTime:0.000047s ]
[ info ] [ CACHE ] INIT File
[ info ] [ BEHAVIOR ] Run Closure @app_init [ RunTime:0.002589s ]
[ info ] [ BEHAVIOR ] Run app\common\behavior\Common @app_init [ RunTime:0.000636s ]
[ info ] [ LANG ] D:\WWW\cw-BE\thinkphp\lang\zh-cn.php
[ info ] [ BEHAVIOR ] Run app\common\behavior\Common @app_dispatch [ RunTime:0.000020s ]
[ info ] [ ROUTE ] array (
  'type' => 'module',
  'module' => 
  array (
    0 => 'api',
    1 => 'demo',
    2 => 'test1',
  ),
)
[ info ] [ HEADER ] array (
  'connection' => 'close',
  'cookie' => 'uid=4; token=f75eb745-c06f-4adf-98e4-f0a9c240088b',
  'accept-language' => 'zh-CN,zh;q=0.9',
  'accept-encoding' => 'gzip, deflate',
  'accept' => 'text/html,application/xhtml+xml,application/xml;q=0.9,image/avif,image/webp,image/apng,*/*;q=0.8,application/signed-exchange;v=b3;q=0.9',
  'user-agent' => 'Mozilla/5.0 (Windows NT 10.0; Win64; x64) AppleWebKit/537.36 (KHTML, like Gecko) Chrome/100.0.4896.127 Safari/537.36',
  'upgrade-insecure-requests' => '1',
  'cache-control' => 'max-age=0',
  'host' => 'dev.cw-be.com',
)
[ info ] [ PARAM ] array (
  '/api/demo/test1' => '',
)
[ info ] [ LANG ] D:\WWW\cw-BE\public/../application/api\lang\zh-cn.php
[ info ] [ BEHAVIOR ] Run app\common\behavior\Common @module_init [ RunTime:0.001455s ]
[ info ] [ TOKEN ] INIT Mysql
[ info ] [ DB ] INIT mysql
[ info ] [ RUN ] app\api\controller\Demo->test1[ D:\WWW\cw-BE\application\api\controller\Demo.php ]
[ info ] [ LOG ] INIT File
[ error ] [0]数据表字段不存在:[content][D:\WWW\cw-BE\thinkphp\library\think\db\Builder.php:115]
---------------------------------------------------------------
[ 2022-11-09T17:58:47+08:00 ] 127.0.0.1 GET dev.cw-be.com/api/demo/test1
[运行时间：0.051620s] [吞吐率：19.37req/s] [内存消耗：3,945.92kb] [文件加载：141]
[ info ] [ BEHAVIOR ] Run Closure @app_init [ RunTime:0.000016s ]
[ info ] [ CACHE ] INIT File
[ info ] [ BEHAVIOR ] Run Closure @app_init [ RunTime:0.001655s ]
[ info ] [ BEHAVIOR ] Run app\common\behavior\Common @app_init [ RunTime:0.000478s ]
[ info ] [ LANG ] D:\WWW\cw-BE\thinkphp\lang\zh-cn.php
[ info ] [ BEHAVIOR ] Run app\common\behavior\Common @app_dispatch [ RunTime:0.000019s ]
[ info ] [ ROUTE ] array (
  'type' => 'module',
  'module' => 
  array (
    0 => 'api',
    1 => 'demo',
    2 => 'test1',
  ),
)
[ info ] [ HEADER ] array (
  'connection' => 'close',
  'cookie' => 'uid=4; token=f75eb745-c06f-4adf-98e4-f0a9c240088b',
  'accept-language' => 'zh-CN,zh;q=0.9',
  'accept-encoding' => 'gzip, deflate',
  'accept' => 'text/html,application/xhtml+xml,application/xml;q=0.9,image/avif,image/webp,image/apng,*/*;q=0.8,application/signed-exchange;v=b3;q=0.9',
  'user-agent' => 'Mozilla/5.0 (Windows NT 10.0; Win64; x64) AppleWebKit/537.36 (KHTML, like Gecko) Chrome/100.0.4896.127 Safari/537.36',
  'upgrade-insecure-requests' => '1',
  'cache-control' => 'max-age=0',
  'host' => 'dev.cw-be.com',
)
[ info ] [ PARAM ] array (
  '/api/demo/test1' => '',
)
[ info ] [ LANG ] D:\WWW\cw-BE\public/../application/api\lang\zh-cn.php
[ info ] [ BEHAVIOR ] Run app\common\behavior\Common @module_init [ RunTime:0.001721s ]
[ info ] [ TOKEN ] INIT Mysql
[ info ] [ DB ] INIT mysql
[ info ] [ RUN ] app\api\controller\Demo->test1[ D:\WWW\cw-BE\application\api\controller\Demo.php ]
[ info ] [ LOG ] INIT File
[ error ] [0]数据表字段不存在:[desc][D:\WWW\cw-BE\thinkphp\library\think\db\Builder.php:115]
---------------------------------------------------------------
[ 2022-11-09T17:59:37+08:00 ] 127.0.0.1 GET dev.cw-be.com/api/demo/test1
[运行时间：0.030317s] [吞吐率：32.98req/s] [内存消耗：2,243.19kb] [文件加载：119]
[ info ] [ BEHAVIOR ] Run Closure @app_init [ RunTime:0.000114s ]
[ info ] [ CACHE ] INIT File
[ info ] [ BEHAVIOR ] Run Closure @app_init [ RunTime:0.002243s ]
[ info ] [ BEHAVIOR ] Run app\common\behavior\Common @app_init [ RunTime:0.000641s ]
[ info ] [ LANG ] D:\WWW\cw-BE\thinkphp\lang\zh-cn.php
[ info ] [ BEHAVIOR ] Run app\common\behavior\Common @app_dispatch [ RunTime:0.000021s ]
[ info ] [ ROUTE ] array (
  'type' => 'module',
  'module' => 
  array (
    0 => 'error',
    1 => '500',
    2 => NULL,
  ),
)
[ info ] [ HEADER ] array (
  'connection' => 'close',
  'cookie' => 'uid=4; token=f75eb745-c06f-4adf-98e4-f0a9c240088b',
  'accept-language' => 'zh-CN,zh;q=0.9',
  'accept-encoding' => 'gzip, deflate',
  'accept' => 'text/html,application/xhtml+xml,application/xml;q=0.9,image/avif,image/webp,image/apng,*/*;q=0.8,application/signed-exchange;v=b3;q=0.9',
  'user-agent' => 'Mozilla/5.0 (Windows NT 10.0; Win64; x64) AppleWebKit/537.36 (KHTML, like Gecko) Chrome/100.0.4896.127 Safari/537.36',
  'upgrade-insecure-requests' => '1',
  'cache-control' => 'max-age=0',
  'host' => 'dev.cw-be.com',
)
[ info ] [ PARAM ] array (
  '/error/500_html' => '',
)
[ info ] [ LOG ] INIT File
---------------------------------------------------------------
[ 2022-11-09T18:01:38+08:00 ] 127.0.0.1 GET dev.cw-be.com/api/demo/test1
[运行时间：0.065057s] [吞吐率：15.37req/s] [内存消耗：3,952.68kb] [文件加载：141]
[ info ] [ BEHAVIOR ] Run Closure @app_init [ RunTime:0.000016s ]
[ info ] [ CACHE ] INIT File
[ info ] [ BEHAVIOR ] Run Closure @app_init [ RunTime:0.002155s ]
[ info ] [ BEHAVIOR ] Run app\common\behavior\Common @app_init [ RunTime:0.000588s ]
[ info ] [ LANG ] D:\WWW\cw-BE\thinkphp\lang\zh-cn.php
[ info ] [ BEHAVIOR ] Run app\common\behavior\Common @app_dispatch [ RunTime:0.000019s ]
[ info ] [ ROUTE ] array (
  'type' => 'module',
  'module' => 
  array (
    0 => 'api',
    1 => 'demo',
    2 => 'test1',
  ),
)
[ info ] [ HEADER ] array (
  'connection' => 'close',
  'cookie' => 'uid=4; token=f75eb745-c06f-4adf-98e4-f0a9c240088b',
  'accept-language' => 'zh-CN,zh;q=0.9',
  'accept-encoding' => 'gzip, deflate',
  'accept' => 'text/html,application/xhtml+xml,application/xml;q=0.9,image/avif,image/webp,image/apng,*/*;q=0.8,application/signed-exchange;v=b3;q=0.9',
  'user-agent' => 'Mozilla/5.0 (Windows NT 10.0; Win64; x64) AppleWebKit/537.36 (KHTML, like Gecko) Chrome/100.0.4896.127 Safari/537.36',
  'upgrade-insecure-requests' => '1',
  'cache-control' => 'max-age=0',
  'host' => 'dev.cw-be.com',
)
[ info ] [ PARAM ] array (
  '/api/demo/test1' => '',
)
[ info ] [ LANG ] D:\WWW\cw-BE\public/../application/api\lang\zh-cn.php
[ info ] [ BEHAVIOR ] Run app\common\behavior\Common @module_init [ RunTime:0.001176s ]
[ info ] [ TOKEN ] INIT Mysql
[ info ] [ DB ] INIT mysql
[ info ] [ RUN ] app\api\controller\Demo->test1[ D:\WWW\cw-BE\application\api\controller\Demo.php ]
[ info ] [ LOG ] INIT File
[ error ] [0]数据表字段不存在:[0][D:\WWW\cw-BE\thinkphp\library\think\db\Builder.php:115]
---------------------------------------------------------------
[ 2022-11-09T18:01:55+08:00 ] 127.0.0.1 GET dev.cw-be.com/api/demo/test1
[运行时间：0.052819s] [吞吐率：18.93req/s] [内存消耗：3,918.36kb] [文件加载：137]
[ info ] [ BEHAVIOR ] Run Closure @app_init [ RunTime:0.000017s ]
[ info ] [ CACHE ] INIT File
[ info ] [ BEHAVIOR ] Run Closure @app_init [ RunTime:0.001719s ]
[ info ] [ BEHAVIOR ] Run app\common\behavior\Common @app_init [ RunTime:0.000467s ]
[ info ] [ LANG ] D:\WWW\cw-BE\thinkphp\lang\zh-cn.php
[ info ] [ BEHAVIOR ] Run app\common\behavior\Common @app_dispatch [ RunTime:0.000022s ]
[ info ] [ ROUTE ] array (
  'type' => 'module',
  'module' => 
  array (
    0 => 'api',
    1 => 'demo',
    2 => 'test1',
  ),
)
[ info ] [ HEADER ] array (
  'connection' => 'close',
  'cookie' => 'uid=4; token=f75eb745-c06f-4adf-98e4-f0a9c240088b',
  'accept-language' => 'zh-CN,zh;q=0.9',
  'accept-encoding' => 'gzip, deflate',
  'accept' => 'text/html,application/xhtml+xml,application/xml;q=0.9,image/avif,image/webp,image/apng,*/*;q=0.8,application/signed-exchange;v=b3;q=0.9',
  'user-agent' => 'Mozilla/5.0 (Windows NT 10.0; Win64; x64) AppleWebKit/537.36 (KHTML, like Gecko) Chrome/100.0.4896.127 Safari/537.36',
  'upgrade-insecure-requests' => '1',
  'cache-control' => 'max-age=0',
  'host' => 'dev.cw-be.com',
)
[ info ] [ PARAM ] array (
  '/api/demo/test1' => '',
)
[ info ] [ LANG ] D:\WWW\cw-BE\public/../application/api\lang\zh-cn.php
[ info ] [ BEHAVIOR ] Run app\common\behavior\Common @module_init [ RunTime:0.000989s ]
[ info ] [ TOKEN ] INIT Mysql
[ info ] [ DB ] INIT mysql
[ info ] [ RUN ] app\api\controller\Demo->test1[ D:\WWW\cw-BE\application\api\controller\Demo.php ]
[ info ] [ LOG ] INIT File
---------------------------------------------------------------
[ 2022-11-09T18:02:34+08:00 ] 127.0.0.1 GET dev.cw-be.com/api/demo/test1
[运行时间：0.060086s] [吞吐率：16.64req/s] [内存消耗：3,963.52kb] [文件加载：142]
[ info ] [ BEHAVIOR ] Run Closure @app_init [ RunTime:0.000016s ]
[ info ] [ CACHE ] INIT File
[ info ] [ BEHAVIOR ] Run Closure @app_init [ RunTime:0.001705s ]
[ info ] [ BEHAVIOR ] Run app\common\behavior\Common @app_init [ RunTime:0.000592s ]
[ info ] [ LANG ] D:\WWW\cw-BE\thinkphp\lang\zh-cn.php
[ info ] [ BEHAVIOR ] Run app\common\behavior\Common @app_dispatch [ RunTime:0.000023s ]
[ info ] [ ROUTE ] array (
  'type' => 'module',
  'module' => 
  array (
    0 => 'api',
    1 => 'demo',
    2 => 'test1',
  ),
)
[ info ] [ HEADER ] array (
  'connection' => 'close',
  'cookie' => 'uid=4; token=f75eb745-c06f-4adf-98e4-f0a9c240088b',
  'accept-language' => 'zh-CN,zh;q=0.9',
  'accept-encoding' => 'gzip, deflate',
  'accept' => 'text/html,application/xhtml+xml,application/xml;q=0.9,image/avif,image/webp,image/apng,*/*;q=0.8,application/signed-exchange;v=b3;q=0.9',
  'user-agent' => 'Mozilla/5.0 (Windows NT 10.0; Win64; x64) AppleWebKit/537.36 (KHTML, like Gecko) Chrome/100.0.4896.127 Safari/537.36',
  'upgrade-insecure-requests' => '1',
  'cache-control' => 'max-age=0',
  'host' => 'dev.cw-be.com',
)
[ info ] [ PARAM ] array (
  '/api/demo/test1' => '',
)
[ info ] [ LANG ] D:\WWW\cw-BE\public/../application/api\lang\zh-cn.php
[ info ] [ BEHAVIOR ] Run app\common\behavior\Common @module_init [ RunTime:0.000945s ]
[ info ] [ TOKEN ] INIT Mysql
[ info ] [ DB ] INIT mysql
[ info ] [ RUN ] app\api\controller\Demo->test1[ D:\WWW\cw-BE\application\api\controller\Demo.php ]
[ info ] [ LOG ] INIT File
[ error ] [8192]Non-static method think\Model::saveAll() should not be called statically[D:\WWW\cw-BE\application\api\controller\Demo.php:90]
---------------------------------------------------------------
[ 2022-11-09T18:02:44+08:00 ] 127.0.0.1 GET dev.cw-be.com/api/demo/test1
[运行时间：0.066168s] [吞吐率：15.11req/s] [内存消耗：3,963.48kb] [文件加载：142]
[ info ] [ BEHAVIOR ] Run Closure @app_init [ RunTime:0.000015s ]
[ info ] [ CACHE ] INIT File
[ info ] [ BEHAVIOR ] Run Closure @app_init [ RunTime:0.002366s ]
[ info ] [ BEHAVIOR ] Run app\common\behavior\Common @app_init [ RunTime:0.000700s ]
[ info ] [ LANG ] D:\WWW\cw-BE\thinkphp\lang\zh-cn.php
[ info ] [ BEHAVIOR ] Run app\common\behavior\Common @app_dispatch [ RunTime:0.000038s ]
[ info ] [ ROUTE ] array (
  'type' => 'module',
  'module' => 
  array (
    0 => 'api',
    1 => 'demo',
    2 => 'test1',
  ),
)
[ info ] [ HEADER ] array (
  'connection' => 'close',
  'cookie' => 'uid=4; token=f75eb745-c06f-4adf-98e4-f0a9c240088b',
  'accept-language' => 'zh-CN,zh;q=0.9',
  'accept-encoding' => 'gzip, deflate',
  'accept' => 'text/html,application/xhtml+xml,application/xml;q=0.9,image/avif,image/webp,image/apng,*/*;q=0.8,application/signed-exchange;v=b3;q=0.9',
  'user-agent' => 'Mozilla/5.0 (Windows NT 10.0; Win64; x64) AppleWebKit/537.36 (KHTML, like Gecko) Chrome/100.0.4896.127 Safari/537.36',
  'upgrade-insecure-requests' => '1',
  'cache-control' => 'max-age=0',
  'host' => 'dev.cw-be.com',
)
[ info ] [ PARAM ] array (
  '/api/demo/test1' => '',
)
[ info ] [ LANG ] D:\WWW\cw-BE\public/../application/api\lang\zh-cn.php
[ info ] [ BEHAVIOR ] Run app\common\behavior\Common @module_init [ RunTime:0.001183s ]
[ info ] [ TOKEN ] INIT Mysql
[ info ] [ DB ] INIT mysql
[ info ] [ RUN ] app\api\controller\Demo->test1[ D:\WWW\cw-BE\application\api\controller\Demo.php ]
[ info ] [ LOG ] INIT File
[ error ] [8192]Non-static method think\Model::save() should not be called statically[D:\WWW\cw-BE\application\api\controller\Demo.php:90]
---------------------------------------------------------------
[ 2022-11-09T18:03:45+08:00 ] 127.0.0.1 GET dev.cw-be.com/api/demo/test1
[运行时间：2.769162s] [吞吐率：0.36req/s] [内存消耗：3,874.49kb] [文件加载：139]
[ info ] [ BEHAVIOR ] Run Closure @app_init [ RunTime:0.000021s ]
[ info ] [ CACHE ] INIT File
[ info ] [ BEHAVIOR ] Run Closure @app_init [ RunTime:0.002394s ]
[ info ] [ BEHAVIOR ] Run app\common\behavior\Common @app_init [ RunTime:0.000692s ]
[ info ] [ LANG ] D:\WWW\cw-BE\thinkphp\lang\zh-cn.php
[ info ] [ BEHAVIOR ] Run app\common\behavior\Common @app_dispatch [ RunTime:0.000020s ]
[ info ] [ ROUTE ] array (
  'type' => 'module',
  'module' => 
  array (
    0 => 'api',
    1 => 'demo',
    2 => 'test1',
  ),
)
[ info ] [ HEADER ] array (
  'connection' => 'close',
  'cookie' => 'uid=4; token=f75eb745-c06f-4adf-98e4-f0a9c240088b',
  'accept-language' => 'zh-CN,zh;q=0.9',
  'accept-encoding' => 'gzip, deflate',
  'accept' => 'text/html,application/xhtml+xml,application/xml;q=0.9,image/avif,image/webp,image/apng,*/*;q=0.8,application/signed-exchange;v=b3;q=0.9',
  'user-agent' => 'Mozilla/5.0 (Windows NT 10.0; Win64; x64) AppleWebKit/537.36 (KHTML, like Gecko) Chrome/100.0.4896.127 Safari/537.36',
  'upgrade-insecure-requests' => '1',
  'cache-control' => 'max-age=0',
  'host' => 'dev.cw-be.com',
)
[ info ] [ PARAM ] array (
  '/api/demo/test1' => '',
)
[ info ] [ LANG ] D:\WWW\cw-BE\public/../application/api\lang\zh-cn.php
[ info ] [ BEHAVIOR ] Run app\common\behavior\Common @module_init [ RunTime:0.001007s ]
[ info ] [ TOKEN ] INIT Mysql
[ info ] [ DB ] INIT mysql
[ info ] [ RUN ] app\api\controller\Demo->test1[ D:\WWW\cw-BE\application\api\controller\Demo.php ]
[ info ] [ LOG ] INIT File
---------------------------------------------------------------
[ 2022-11-09T18:06:44+08:00 ] 127.0.0.1 GET dev.cw-be.com/api/demo/test1
[运行时间：25.698881s] [吞吐率：0.04req/s] [内存消耗：3,875.26kb] [文件加载：139]
[ info ] [ BEHAVIOR ] Run Closure @app_init [ RunTime:0.000017s ]
[ info ] [ CACHE ] INIT File
[ info ] [ BEHAVIOR ] Run Closure @app_init [ RunTime:0.002183s ]
[ info ] [ BEHAVIOR ] Run app\common\behavior\Common @app_init [ RunTime:0.000586s ]
[ info ] [ LANG ] D:\WWW\cw-BE\thinkphp\lang\zh-cn.php
[ info ] [ BEHAVIOR ] Run app\common\behavior\Common @app_dispatch [ RunTime:0.000021s ]
[ info ] [ ROUTE ] array (
  'type' => 'module',
  'module' => 
  array (
    0 => 'api',
    1 => 'demo',
    2 => 'test1',
  ),
)
[ info ] [ HEADER ] array (
  'connection' => 'close',
  'cookie' => 'uid=4; token=f75eb745-c06f-4adf-98e4-f0a9c240088b',
  'accept-language' => 'zh-CN,zh;q=0.9',
  'accept-encoding' => 'gzip, deflate',
  'accept' => 'text/html,application/xhtml+xml,application/xml;q=0.9,image/avif,image/webp,image/apng,*/*;q=0.8,application/signed-exchange;v=b3;q=0.9',
  'user-agent' => 'Mozilla/5.0 (Windows NT 10.0; Win64; x64) AppleWebKit/537.36 (KHTML, like Gecko) Chrome/100.0.4896.127 Safari/537.36',
  'upgrade-insecure-requests' => '1',
  'cache-control' => 'max-age=0',
  'host' => 'dev.cw-be.com',
)
[ info ] [ PARAM ] array (
  '/api/demo/test1' => '',
)
[ info ] [ LANG ] D:\WWW\cw-BE\public/../application/api\lang\zh-cn.php
[ info ] [ BEHAVIOR ] Run app\common\behavior\Common @module_init [ RunTime:0.001133s ]
[ info ] [ TOKEN ] INIT Mysql
[ info ] [ DB ] INIT mysql
[ info ] [ RUN ] app\api\controller\Demo->test1[ D:\WWW\cw-BE\application\api\controller\Demo.php ]
[ info ] [ LOG ] INIT File
---------------------------------------------------------------
[ 2022-11-09T18:08:31+08:00 ] 127.0.0.1 GET dev.cw-be.com/api/demo/test1
[运行时间：0.032577s] [吞吐率：30.70req/s] [内存消耗：2,243.19kb] [文件加载：119]
[ info ] [ BEHAVIOR ] Run Closure @app_init [ RunTime:0.000116s ]
[ info ] [ CACHE ] INIT File
[ info ] [ BEHAVIOR ] Run Closure @app_init [ RunTime:0.002351s ]
[ info ] [ BEHAVIOR ] Run app\common\behavior\Common @app_init [ RunTime:0.000665s ]
[ info ] [ LANG ] D:\WWW\cw-BE\thinkphp\lang\zh-cn.php
[ info ] [ BEHAVIOR ] Run app\common\behavior\Common @app_dispatch [ RunTime:0.000020s ]
[ info ] [ ROUTE ] array (
  'type' => 'module',
  'module' => 
  array (
    0 => 'error',
    1 => '500',
    2 => NULL,
  ),
)
[ info ] [ HEADER ] array (
  'connection' => 'close',
  'cookie' => 'uid=4; token=f75eb745-c06f-4adf-98e4-f0a9c240088b',
  'accept-language' => 'zh-CN,zh;q=0.9',
  'accept-encoding' => 'gzip, deflate',
  'accept' => 'text/html,application/xhtml+xml,application/xml;q=0.9,image/avif,image/webp,image/apng,*/*;q=0.8,application/signed-exchange;v=b3;q=0.9',
  'user-agent' => 'Mozilla/5.0 (Windows NT 10.0; Win64; x64) AppleWebKit/537.36 (KHTML, like Gecko) Chrome/100.0.4896.127 Safari/537.36',
  'upgrade-insecure-requests' => '1',
  'cache-control' => 'max-age=0',
  'host' => 'dev.cw-be.com',
)
[ info ] [ PARAM ] array (
  '/error/500_html' => '',
)
[ info ] [ LOG ] INIT File
---------------------------------------------------------------
[ 2022-11-09T18:10:08+08:00 ] 127.0.0.1 GET dev.cw-be.com/api/demo/test1
[运行时间：0.038529s] [吞吐率：25.95req/s] [内存消耗：2,243.19kb] [文件加载：119]
[ info ] [ BEHAVIOR ] Run Closure @app_init [ RunTime:0.000117s ]
[ info ] [ CACHE ] INIT File
[ info ] [ BEHAVIOR ] Run Closure @app_init [ RunTime:0.002425s ]
[ info ] [ BEHAVIOR ] Run app\common\behavior\Common @app_init [ RunTime:0.000634s ]
[ info ] [ LANG ] D:\WWW\cw-BE\thinkphp\lang\zh-cn.php
[ info ] [ BEHAVIOR ] Run app\common\behavior\Common @app_dispatch [ RunTime:0.000022s ]
[ info ] [ ROUTE ] array (
  'type' => 'module',
  'module' => 
  array (
    0 => 'error',
    1 => '500',
    2 => NULL,
  ),
)
[ info ] [ HEADER ] array (
  'connection' => 'close',
  'cookie' => 'uid=4; token=f75eb745-c06f-4adf-98e4-f0a9c240088b',
  'accept-language' => 'zh-CN,zh;q=0.9',
  'accept-encoding' => 'gzip, deflate',
  'accept' => 'text/html,application/xhtml+xml,application/xml;q=0.9,image/avif,image/webp,image/apng,*/*;q=0.8,application/signed-exchange;v=b3;q=0.9',
  'user-agent' => 'Mozilla/5.0 (Windows NT 10.0; Win64; x64) AppleWebKit/537.36 (KHTML, like Gecko) Chrome/100.0.4896.127 Safari/537.36',
  'upgrade-insecure-requests' => '1',
  'cache-control' => 'max-age=0',
  'host' => 'dev.cw-be.com',
)
[ info ] [ PARAM ] array (
  '/error/500_html' => '',
)
[ info ] [ LOG ] INIT File
---------------------------------------------------------------
[ 2022-11-09T18:11:14+08:00 ] 127.0.0.1 GET dev.cw-be.com/api/demo/test1
[运行时间：0.034227s] [吞吐率：29.22req/s] [内存消耗：2,243.19kb] [文件加载：119]
[ info ] [ BEHAVIOR ] Run Closure @app_init [ RunTime:0.000117s ]
[ info ] [ CACHE ] INIT File
[ info ] [ BEHAVIOR ] Run Closure @app_init [ RunTime:0.002291s ]
[ info ] [ BEHAVIOR ] Run app\common\behavior\Common @app_init [ RunTime:0.000702s ]
[ info ] [ LANG ] D:\WWW\cw-BE\thinkphp\lang\zh-cn.php
[ info ] [ BEHAVIOR ] Run app\common\behavior\Common @app_dispatch [ RunTime:0.000020s ]
[ info ] [ ROUTE ] array (
  'type' => 'module',
  'module' => 
  array (
    0 => 'error',
    1 => '500',
    2 => NULL,
  ),
)
[ info ] [ HEADER ] array (
  'connection' => 'close',
  'cookie' => 'uid=4; token=f75eb745-c06f-4adf-98e4-f0a9c240088b',
  'accept-language' => 'zh-CN,zh;q=0.9',
  'accept-encoding' => 'gzip, deflate',
  'accept' => 'text/html,application/xhtml+xml,application/xml;q=0.9,image/avif,image/webp,image/apng,*/*;q=0.8,application/signed-exchange;v=b3;q=0.9',
  'user-agent' => 'Mozilla/5.0 (Windows NT 10.0; Win64; x64) AppleWebKit/537.36 (KHTML, like Gecko) Chrome/100.0.4896.127 Safari/537.36',
  'upgrade-insecure-requests' => '1',
  'cache-control' => 'max-age=0',
  'host' => 'dev.cw-be.com',
)
[ info ] [ PARAM ] array (
  '/error/500_html' => '',
)
[ info ] [ LOG ] INIT File
---------------------------------------------------------------
[ 2022-11-09T18:11:15+08:00 ] 127.0.0.1 GET dev.cw-be.com/api/demo/test1
[运行时间：41.023538s] [吞吐率：0.02req/s] [内存消耗：3,883.28kb] [文件加载：139]
[ info ] [ BEHAVIOR ] Run Closure @app_init [ RunTime:0.000016s ]
[ info ] [ CACHE ] INIT File
[ info ] [ BEHAVIOR ] Run Closure @app_init [ RunTime:0.001718s ]
[ info ] [ BEHAVIOR ] Run app\common\behavior\Common @app_init [ RunTime:0.000475s ]
[ info ] [ LANG ] D:\WWW\cw-BE\thinkphp\lang\zh-cn.php
[ info ] [ BEHAVIOR ] Run app\common\behavior\Common @app_dispatch [ RunTime:0.000019s ]
[ info ] [ ROUTE ] array (
  'type' => 'module',
  'module' => 
  array (
    0 => 'api',
    1 => 'demo',
    2 => 'test1',
  ),
)
[ info ] [ HEADER ] array (
  'connection' => 'close',
  'cookie' => 'uid=4; token=f75eb745-c06f-4adf-98e4-f0a9c240088b',
  'accept-language' => 'zh-CN,zh;q=0.9',
  'accept-encoding' => 'gzip, deflate',
  'accept' => 'text/html,application/xhtml+xml,application/xml;q=0.9,image/avif,image/webp,image/apng,*/*;q=0.8,application/signed-exchange;v=b3;q=0.9',
  'user-agent' => 'Mozilla/5.0 (Windows NT 10.0; Win64; x64) AppleWebKit/537.36 (KHTML, like Gecko) Chrome/100.0.4896.127 Safari/537.36',
  'upgrade-insecure-requests' => '1',
  'cache-control' => 'max-age=0',
  'host' => 'dev.cw-be.com',
)
[ info ] [ PARAM ] array (
  '/api/demo/test1' => '',
)
[ info ] [ LANG ] D:\WWW\cw-BE\public/../application/api\lang\zh-cn.php
[ info ] [ BEHAVIOR ] Run app\common\behavior\Common @module_init [ RunTime:0.001179s ]
[ info ] [ TOKEN ] INIT Mysql
[ info ] [ DB ] INIT mysql
[ info ] [ RUN ] app\api\controller\Demo->test1[ D:\WWW\cw-BE\application\api\controller\Demo.php ]
[ info ] [ LOG ] INIT File
---------------------------------------------------------------
[ 2022-11-09T18:12:42+08:00 ] 127.0.0.1 GET dev.cw-be.com/api/demo/test1
[运行时间：32.185123s] [吞吐率：0.03req/s] [内存消耗：3,875.28kb] [文件加载：139]
[ info ] [ BEHAVIOR ] Run Closure @app_init [ RunTime:0.000015s ]
[ info ] [ CACHE ] INIT File
[ info ] [ BEHAVIOR ] Run Closure @app_init [ RunTime:0.001719s ]
[ info ] [ BEHAVIOR ] Run app\common\behavior\Common @app_init [ RunTime:0.000474s ]
[ info ] [ LANG ] D:\WWW\cw-BE\thinkphp\lang\zh-cn.php
[ info ] [ BEHAVIOR ] Run app\common\behavior\Common @app_dispatch [ RunTime:0.000018s ]
[ info ] [ ROUTE ] array (
  'type' => 'module',
  'module' => 
  array (
    0 => 'api',
    1 => 'demo',
    2 => 'test1',
  ),
)
[ info ] [ HEADER ] array (
  'connection' => 'close',
  'cookie' => 'uid=4; token=f75eb745-c06f-4adf-98e4-f0a9c240088b',
  'accept-language' => 'zh-CN,zh;q=0.9',
  'accept-encoding' => 'gzip, deflate',
  'accept' => 'text/html,application/xhtml+xml,application/xml;q=0.9,image/avif,image/webp,image/apng,*/*;q=0.8,application/signed-exchange;v=b3;q=0.9',
  'user-agent' => 'Mozilla/5.0 (Windows NT 10.0; Win64; x64) AppleWebKit/537.36 (KHTML, like Gecko) Chrome/100.0.4896.127 Safari/537.36',
  'upgrade-insecure-requests' => '1',
  'cache-control' => 'max-age=0',
  'host' => 'dev.cw-be.com',
)
[ info ] [ PARAM ] array (
  '/api/demo/test1' => '',
)
[ info ] [ LANG ] D:\WWW\cw-BE\public/../application/api\lang\zh-cn.php
[ info ] [ BEHAVIOR ] Run app\common\behavior\Common @module_init [ RunTime:0.001497s ]
[ info ] [ TOKEN ] INIT Mysql
[ info ] [ DB ] INIT mysql
[ info ] [ RUN ] app\api\controller\Demo->test1[ D:\WWW\cw-BE\application\api\controller\Demo.php ]
[ info ] [ LOG ] INIT File
---------------------------------------------------------------
[ 2022-11-09T18:13:57+08:00 ] 127.0.0.1 GET dev.cw-be.com/api/demo/test1
[运行时间：0.031382s] [吞吐率：31.87req/s] [内存消耗：2,243.19kb] [文件加载：119]
[ info ] [ BEHAVIOR ] Run Closure @app_init [ RunTime:0.000113s ]
[ info ] [ CACHE ] INIT File
[ info ] [ BEHAVIOR ] Run Closure @app_init [ RunTime:0.002361s ]
[ info ] [ BEHAVIOR ] Run app\common\behavior\Common @app_init [ RunTime:0.000641s ]
[ info ] [ LANG ] D:\WWW\cw-BE\thinkphp\lang\zh-cn.php
[ info ] [ BEHAVIOR ] Run app\common\behavior\Common @app_dispatch [ RunTime:0.000019s ]
[ info ] [ ROUTE ] array (
  'type' => 'module',
  'module' => 
  array (
    0 => 'error',
    1 => '500',
    2 => NULL,
  ),
)
[ info ] [ HEADER ] array (
  'connection' => 'close',
  'cookie' => 'uid=4; token=f75eb745-c06f-4adf-98e4-f0a9c240088b',
  'accept-language' => 'zh-CN,zh;q=0.9',
  'accept-encoding' => 'gzip, deflate',
  'accept' => 'text/html,application/xhtml+xml,application/xml;q=0.9,image/avif,image/webp,image/apng,*/*;q=0.8,application/signed-exchange;v=b3;q=0.9',
  'user-agent' => 'Mozilla/5.0 (Windows NT 10.0; Win64; x64) AppleWebKit/537.36 (KHTML, like Gecko) Chrome/100.0.4896.127 Safari/537.36',
  'upgrade-insecure-requests' => '1',
  'cache-control' => 'max-age=0',
  'host' => 'dev.cw-be.com',
)
[ info ] [ PARAM ] array (
  '/error/500_html' => '',
)
[ info ] [ LOG ] INIT File
---------------------------------------------------------------
[ 2022-11-09T18:13:59+08:00 ] 127.0.0.1 GET dev.cw-be.com/api/demo/test1
[运行时间：42.613521s] [吞吐率：0.02req/s] [内存消耗：3,875.28kb] [文件加载：139]
[ info ] [ BEHAVIOR ] Run Closure @app_init [ RunTime:0.000014s ]
[ info ] [ CACHE ] INIT File
[ info ] [ BEHAVIOR ] Run Closure @app_init [ RunTime:0.002394s ]
[ info ] [ BEHAVIOR ] Run app\common\behavior\Common @app_init [ RunTime:0.000822s ]
[ info ] [ LANG ] D:\WWW\cw-BE\thinkphp\lang\zh-cn.php
[ info ] [ BEHAVIOR ] Run app\common\behavior\Common @app_dispatch [ RunTime:0.000026s ]
[ info ] [ ROUTE ] array (
  'type' => 'module',
  'module' => 
  array (
    0 => 'api',
    1 => 'demo',
    2 => 'test1',
  ),
)
[ info ] [ HEADER ] array (
  'connection' => 'close',
  'cookie' => 'uid=4; token=f75eb745-c06f-4adf-98e4-f0a9c240088b',
  'accept-language' => 'zh-CN,zh;q=0.9',
  'accept-encoding' => 'gzip, deflate',
  'accept' => 'text/html,application/xhtml+xml,application/xml;q=0.9,image/avif,image/webp,image/apng,*/*;q=0.8,application/signed-exchange;v=b3;q=0.9',
  'user-agent' => 'Mozilla/5.0 (Windows NT 10.0; Win64; x64) AppleWebKit/537.36 (KHTML, like Gecko) Chrome/100.0.4896.127 Safari/537.36',
  'upgrade-insecure-requests' => '1',
  'cache-control' => 'max-age=0',
  'host' => 'dev.cw-be.com',
)
[ info ] [ PARAM ] array (
  '/api/demo/test1' => '',
)
[ info ] [ LANG ] D:\WWW\cw-BE\public/../application/api\lang\zh-cn.php
[ info ] [ BEHAVIOR ] Run app\common\behavior\Common @module_init [ RunTime:0.000941s ]
[ info ] [ TOKEN ] INIT Mysql
[ info ] [ DB ] INIT mysql
[ info ] [ RUN ] app\api\controller\Demo->test1[ D:\WWW\cw-BE\application\api\controller\Demo.php ]
[ info ] [ LOG ] INIT File
---------------------------------------------------------------
[ 2022-11-09T18:15:18+08:00 ] 127.0.0.1 GET dev.cw-be.com/api/demo/test1
[运行时间：22.285543s] [吞吐率：0.04req/s] [内存消耗：3,875.28kb] [文件加载：139]
[ info ] [ BEHAVIOR ] Run Closure @app_init [ RunTime:0.000016s ]
[ info ] [ CACHE ] INIT File
[ info ] [ BEHAVIOR ] Run Closure @app_init [ RunTime:0.001650s ]
[ info ] [ BEHAVIOR ] Run app\common\behavior\Common @app_init [ RunTime:0.000508s ]
[ info ] [ LANG ] D:\WWW\cw-BE\thinkphp\lang\zh-cn.php
[ info ] [ BEHAVIOR ] Run app\common\behavior\Common @app_dispatch [ RunTime:0.000019s ]
[ info ] [ ROUTE ] array (
  'type' => 'module',
  'module' => 
  array (
    0 => 'api',
    1 => 'demo',
    2 => 'test1',
  ),
)
[ info ] [ HEADER ] array (
  'connection' => 'close',
  'cookie' => 'uid=4; token=f75eb745-c06f-4adf-98e4-f0a9c240088b',
  'accept-language' => 'zh-CN,zh;q=0.9',
  'accept-encoding' => 'gzip, deflate',
  'accept' => 'text/html,application/xhtml+xml,application/xml;q=0.9,image/avif,image/webp,image/apng,*/*;q=0.8,application/signed-exchange;v=b3;q=0.9',
  'user-agent' => 'Mozilla/5.0 (Windows NT 10.0; Win64; x64) AppleWebKit/537.36 (KHTML, like Gecko) Chrome/100.0.4896.127 Safari/537.36',
  'upgrade-insecure-requests' => '1',
  'cache-control' => 'max-age=0',
  'host' => 'dev.cw-be.com',
)
[ info ] [ PARAM ] array (
  '/api/demo/test1' => '',
)
[ info ] [ LANG ] D:\WWW\cw-BE\public/../application/api\lang\zh-cn.php
[ info ] [ BEHAVIOR ] Run app\common\behavior\Common @module_init [ RunTime:0.001432s ]
[ info ] [ TOKEN ] INIT Mysql
[ info ] [ DB ] INIT mysql
[ info ] [ RUN ] app\api\controller\Demo->test1[ D:\WWW\cw-BE\application\api\controller\Demo.php ]
[ info ] [ LOG ] INIT File
---------------------------------------------------------------
[ 2022-11-09T18:16:09+08:00 ] 127.0.0.1 GET dev.cw-be.com/api/demo/test1
[运行时间：32.960390s] [吞吐率：0.03req/s] [内存消耗：3,875.28kb] [文件加载：139]
[ info ] [ BEHAVIOR ] Run Closure @app_init [ RunTime:0.000017s ]
[ info ] [ CACHE ] INIT File
[ info ] [ BEHAVIOR ] Run Closure @app_init [ RunTime:0.001717s ]
[ info ] [ BEHAVIOR ] Run app\common\behavior\Common @app_init [ RunTime:0.000463s ]
[ info ] [ LANG ] D:\WWW\cw-BE\thinkphp\lang\zh-cn.php
[ info ] [ BEHAVIOR ] Run app\common\behavior\Common @app_dispatch [ RunTime:0.000020s ]
[ info ] [ ROUTE ] array (
  'type' => 'module',
  'module' => 
  array (
    0 => 'api',
    1 => 'demo',
    2 => 'test1',
  ),
)
[ info ] [ HEADER ] array (
  'connection' => 'close',
  'cookie' => 'uid=4; token=f75eb745-c06f-4adf-98e4-f0a9c240088b',
  'accept-language' => 'zh-CN,zh;q=0.9',
  'accept-encoding' => 'gzip, deflate',
  'accept' => 'text/html,application/xhtml+xml,application/xml;q=0.9,image/avif,image/webp,image/apng,*/*;q=0.8,application/signed-exchange;v=b3;q=0.9',
  'user-agent' => 'Mozilla/5.0 (Windows NT 10.0; Win64; x64) AppleWebKit/537.36 (KHTML, like Gecko) Chrome/100.0.4896.127 Safari/537.36',
  'upgrade-insecure-requests' => '1',
  'cache-control' => 'max-age=0',
  'host' => 'dev.cw-be.com',
)
[ info ] [ PARAM ] array (
  '/api/demo/test1' => '',
)
[ info ] [ LANG ] D:\WWW\cw-BE\public/../application/api\lang\zh-cn.php
[ info ] [ BEHAVIOR ] Run app\common\behavior\Common @module_init [ RunTime:0.001004s ]
[ info ] [ TOKEN ] INIT Mysql
[ info ] [ DB ] INIT mysql
[ info ] [ RUN ] app\api\controller\Demo->test1[ D:\WWW\cw-BE\application\api\controller\Demo.php ]
[ info ] [ LOG ] INIT File
---------------------------------------------------------------
[ 2022-11-09T18:17:58+08:00 ] 127.0.0.1 GET dev.cw-be.com/api/demo/test1
[运行时间：32.770476s] [吞吐率：0.03req/s] [内存消耗：3,875.16kb] [文件加载：139]
[ info ] [ BEHAVIOR ] Run Closure @app_init [ RunTime:0.000016s ]
[ info ] [ CACHE ] INIT File
[ info ] [ BEHAVIOR ] Run Closure @app_init [ RunTime:0.002194s ]
[ info ] [ BEHAVIOR ] Run app\common\behavior\Common @app_init [ RunTime:0.000634s ]
[ info ] [ LANG ] D:\WWW\cw-BE\thinkphp\lang\zh-cn.php
[ info ] [ BEHAVIOR ] Run app\common\behavior\Common @app_dispatch [ RunTime:0.000022s ]
[ info ] [ ROUTE ] array (
  'type' => 'module',
  'module' => 
  array (
    0 => 'api',
    1 => 'demo',
    2 => 'test1',
  ),
)
[ info ] [ HEADER ] array (
  'connection' => 'close',
  'cookie' => 'uid=4; token=f75eb745-c06f-4adf-98e4-f0a9c240088b',
  'accept-language' => 'zh-CN,zh;q=0.9',
  'accept-encoding' => 'gzip, deflate',
  'accept' => 'text/html,application/xhtml+xml,application/xml;q=0.9,image/avif,image/webp,image/apng,*/*;q=0.8,application/signed-exchange;v=b3;q=0.9',
  'user-agent' => 'Mozilla/5.0 (Windows NT 10.0; Win64; x64) AppleWebKit/537.36 (KHTML, like Gecko) Chrome/100.0.4896.127 Safari/537.36',
  'upgrade-insecure-requests' => '1',
  'cache-control' => 'max-age=0',
  'host' => 'dev.cw-be.com',
)
[ info ] [ PARAM ] array (
  '/api/demo/test1' => '',
)
[ info ] [ LANG ] D:\WWW\cw-BE\public/../application/api\lang\zh-cn.php
[ info ] [ BEHAVIOR ] Run app\common\behavior\Common @module_init [ RunTime:0.000988s ]
[ info ] [ TOKEN ] INIT Mysql
[ info ] [ DB ] INIT mysql
[ info ] [ RUN ] app\api\controller\Demo->test1[ D:\WWW\cw-BE\application\api\controller\Demo.php ]
[ info ] [ LOG ] INIT File
---------------------------------------------------------------
[ 2022-11-09T18:18:58+08:00 ] 127.0.0.1 GET dev.cw-be.com/api/demo/test1
[运行时间：32.649838s] [吞吐率：0.03req/s] [内存消耗：3,875.16kb] [文件加载：139]
[ info ] [ BEHAVIOR ] Run Closure @app_init [ RunTime:0.000017s ]
[ info ] [ CACHE ] INIT File
[ info ] [ BEHAVIOR ] Run Closure @app_init [ RunTime:0.001706s ]
[ info ] [ BEHAVIOR ] Run app\common\behavior\Common @app_init [ RunTime:0.000465s ]
[ info ] [ LANG ] D:\WWW\cw-BE\thinkphp\lang\zh-cn.php
[ info ] [ BEHAVIOR ] Run app\common\behavior\Common @app_dispatch [ RunTime:0.000019s ]
[ info ] [ ROUTE ] array (
  'type' => 'module',
  'module' => 
  array (
    0 => 'api',
    1 => 'demo',
    2 => 'test1',
  ),
)
[ info ] [ HEADER ] array (
  'connection' => 'close',
  'cookie' => 'uid=4; token=f75eb745-c06f-4adf-98e4-f0a9c240088b',
  'accept-language' => 'zh-CN,zh;q=0.9',
  'accept-encoding' => 'gzip, deflate',
  'accept' => 'text/html,application/xhtml+xml,application/xml;q=0.9,image/avif,image/webp,image/apng,*/*;q=0.8,application/signed-exchange;v=b3;q=0.9',
  'user-agent' => 'Mozilla/5.0 (Windows NT 10.0; Win64; x64) AppleWebKit/537.36 (KHTML, like Gecko) Chrome/100.0.4896.127 Safari/537.36',
  'upgrade-insecure-requests' => '1',
  'cache-control' => 'max-age=0',
  'host' => 'dev.cw-be.com',
)
[ info ] [ PARAM ] array (
  '/api/demo/test1' => '',
)
[ info ] [ LANG ] D:\WWW\cw-BE\public/../application/api\lang\zh-cn.php
[ info ] [ BEHAVIOR ] Run app\common\behavior\Common @module_init [ RunTime:0.000980s ]
[ info ] [ TOKEN ] INIT Mysql
[ info ] [ DB ] INIT mysql
[ info ] [ RUN ] app\api\controller\Demo->test1[ D:\WWW\cw-BE\application\api\controller\Demo.php ]
[ info ] [ LOG ] INIT File
---------------------------------------------------------------
[ 2022-11-09T18:19:50+08:00 ] 127.0.0.1 GET dev.cw-be.com/api/demo/test1
[运行时间：32.965840s] [吞吐率：0.03req/s] [内存消耗：3,875.16kb] [文件加载：139]
[ info ] [ BEHAVIOR ] Run Closure @app_init [ RunTime:0.000027s ]
[ info ] [ CACHE ] INIT File
[ info ] [ BEHAVIOR ] Run Closure @app_init [ RunTime:0.001872s ]
[ info ] [ BEHAVIOR ] Run app\common\behavior\Common @app_init [ RunTime:0.000482s ]
[ info ] [ LANG ] D:\WWW\cw-BE\thinkphp\lang\zh-cn.php
[ info ] [ BEHAVIOR ] Run app\common\behavior\Common @app_dispatch [ RunTime:0.000023s ]
[ info ] [ ROUTE ] array (
  'type' => 'module',
  'module' => 
  array (
    0 => 'api',
    1 => 'demo',
    2 => 'test1',
  ),
)
[ info ] [ HEADER ] array (
  'connection' => 'close',
  'cookie' => 'uid=4; token=f75eb745-c06f-4adf-98e4-f0a9c240088b',
  'accept-language' => 'zh-CN,zh;q=0.9',
  'accept-encoding' => 'gzip, deflate',
  'accept' => 'text/html,application/xhtml+xml,application/xml;q=0.9,image/avif,image/webp,image/apng,*/*;q=0.8,application/signed-exchange;v=b3;q=0.9',
  'user-agent' => 'Mozilla/5.0 (Windows NT 10.0; Win64; x64) AppleWebKit/537.36 (KHTML, like Gecko) Chrome/100.0.4896.127 Safari/537.36',
  'upgrade-insecure-requests' => '1',
  'cache-control' => 'max-age=0',
  'host' => 'dev.cw-be.com',
)
[ info ] [ PARAM ] array (
  '/api/demo/test1' => '',
)
[ info ] [ LANG ] D:\WWW\cw-BE\public/../application/api\lang\zh-cn.php
[ info ] [ BEHAVIOR ] Run app\common\behavior\Common @module_init [ RunTime:0.001005s ]
[ info ] [ TOKEN ] INIT Mysql
[ info ] [ DB ] INIT mysql
[ info ] [ RUN ] app\api\controller\Demo->test1[ D:\WWW\cw-BE\application\api\controller\Demo.php ]
[ info ] [ LOG ] INIT File
---------------------------------------------------------------
[ 2022-11-09T18:20:38+08:00 ] 127.0.0.1 GET dev.cw-be.com/api/demo/test1
[运行时间：32.715711s] [吞吐率：0.03req/s] [内存消耗：3,875.16kb] [文件加载：139]
[ info ] [ BEHAVIOR ] Run Closure @app_init [ RunTime:0.000024s ]
[ info ] [ CACHE ] INIT File
[ info ] [ BEHAVIOR ] Run Closure @app_init [ RunTime:0.002333s ]
[ info ] [ BEHAVIOR ] Run app\common\behavior\Common @app_init [ RunTime:0.000606s ]
[ info ] [ LANG ] D:\WWW\cw-BE\thinkphp\lang\zh-cn.php
[ info ] [ BEHAVIOR ] Run app\common\behavior\Common @app_dispatch [ RunTime:0.000022s ]
[ info ] [ ROUTE ] array (
  'type' => 'module',
  'module' => 
  array (
    0 => 'api',
    1 => 'demo',
    2 => 'test1',
  ),
)
[ info ] [ HEADER ] array (
  'connection' => 'close',
  'cookie' => 'uid=4; token=f75eb745-c06f-4adf-98e4-f0a9c240088b',
  'accept-language' => 'zh-CN,zh;q=0.9',
  'accept-encoding' => 'gzip, deflate',
  'accept' => 'text/html,application/xhtml+xml,application/xml;q=0.9,image/avif,image/webp,image/apng,*/*;q=0.8,application/signed-exchange;v=b3;q=0.9',
  'user-agent' => 'Mozilla/5.0 (Windows NT 10.0; Win64; x64) AppleWebKit/537.36 (KHTML, like Gecko) Chrome/100.0.4896.127 Safari/537.36',
  'upgrade-insecure-requests' => '1',
  'cache-control' => 'max-age=0',
  'host' => 'dev.cw-be.com',
)
[ info ] [ PARAM ] array (
  '/api/demo/test1' => '',
)
[ info ] [ LANG ] D:\WWW\cw-BE\public/../application/api\lang\zh-cn.php
[ info ] [ BEHAVIOR ] Run app\common\behavior\Common @module_init [ RunTime:0.001079s ]
[ info ] [ TOKEN ] INIT Mysql
[ info ] [ DB ] INIT mysql
[ info ] [ RUN ] app\api\controller\Demo->test1[ D:\WWW\cw-BE\application\api\controller\Demo.php ]
[ info ] [ LOG ] INIT File
---------------------------------------------------------------
[ 2022-11-09T18:21:37+08:00 ] 127.0.0.1 GET dev.cw-be.com/api/demo/test1
[运行时间：32.737926s] [吞吐率：0.03req/s] [内存消耗：3,875.16kb] [文件加载：139]
[ info ] [ BEHAVIOR ] Run Closure @app_init [ RunTime:0.000014s ]
[ info ] [ CACHE ] INIT File
[ info ] [ BEHAVIOR ] Run Closure @app_init [ RunTime:0.001723s ]
[ info ] [ BEHAVIOR ] Run app\common\behavior\Common @app_init [ RunTime:0.000703s ]
[ info ] [ LANG ] D:\WWW\cw-BE\thinkphp\lang\zh-cn.php
[ info ] [ BEHAVIOR ] Run app\common\behavior\Common @app_dispatch [ RunTime:0.000032s ]
[ info ] [ ROUTE ] array (
  'type' => 'module',
  'module' => 
  array (
    0 => 'api',
    1 => 'demo',
    2 => 'test1',
  ),
)
[ info ] [ HEADER ] array (
  'connection' => 'close',
  'cookie' => 'uid=4; token=f75eb745-c06f-4adf-98e4-f0a9c240088b',
  'accept-language' => 'zh-CN,zh;q=0.9',
  'accept-encoding' => 'gzip, deflate',
  'accept' => 'text/html,application/xhtml+xml,application/xml;q=0.9,image/avif,image/webp,image/apng,*/*;q=0.8,application/signed-exchange;v=b3;q=0.9',
  'user-agent' => 'Mozilla/5.0 (Windows NT 10.0; Win64; x64) AppleWebKit/537.36 (KHTML, like Gecko) Chrome/100.0.4896.127 Safari/537.36',
  'upgrade-insecure-requests' => '1',
  'cache-control' => 'max-age=0',
  'host' => 'dev.cw-be.com',
)
[ info ] [ PARAM ] array (
  '/api/demo/test1' => '',
)
[ info ] [ LANG ] D:\WWW\cw-BE\public/../application/api\lang\zh-cn.php
[ info ] [ BEHAVIOR ] Run app\common\behavior\Common @module_init [ RunTime:0.001192s ]
[ info ] [ TOKEN ] INIT Mysql
[ info ] [ DB ] INIT mysql
[ info ] [ RUN ] app\api\controller\Demo->test1[ D:\WWW\cw-BE\application\api\controller\Demo.php ]
[ info ] [ LOG ] INIT File
